<?xml version="1.0" encoding="UTF-8"?>
<!-- Generated by org.testng.reporters.JUnitReportReporter -->
<testsuite hostname="DESKTOP-17FDDV1" failures="0" tests="6" name="testScripts.Test_AmazonOrderPlacing" time="97.707" errors="0" timestamp="2023-05-09T15:23:42 IST" skipped="0">
  <testcase classname="testScripts.Test_AmazonOrderPlacing" name="signingInToAmazon" time="36.227"/>
  <system-out/>
  <testcase classname="testScripts.Test_AmazonOrderPlacing" name="searchingForProduct" time="10.145"/>
  <system-out/>
  <testcase classname="testScripts.Test_AmazonOrderPlacing" name="filteringSearchResults" time="8.616"/>
  <system-out/>
  <testcase classname="testScripts.Test_AmazonOrderPlacing" name="addingProductToShoppingCart" time="19.599"/>
  <system-out/>
  <testcase classname="testScripts.Test_AmazonOrderPlacing" name="proceedingToCheckout" time="12.252"/>
  <system-out/>
  <testcase classname="testScripts.Test_AmazonOrderPlacing" name="fillingOutCheckoutForm" time="10.868"/>
  <system-out/>
</testsuite> <!-- testScripts.Test_AmazonOrderPlacing -->
